
> @vavaw/admin@0.1.0 build E:\Downloads\VAVAW-web\apps\admin
> next build

▲ Next.js 16.2.6 (Turbopack)

  Creating an optimized production build ...
✓ Compiled successfully in 3.8s
  Running TypeScript ...
  Finished TypeScript in 3.6s ...
  Collecting page data using 11 workers ...
  Generating static pages using 11 workers (0/10) ...
  Generating static pages using 11 workers (2/10) 
  Generating static pages using 11 workers (4/10) 
  Generating static pages using 11 workers (7/10) 
✓ Generating static pages using 11 workers (10/10) in 858ms
  Finalizing page optimization ...

Route (app)
┌ ○ /
├ ○ /_not-found
├ ○ /business
├ ○ /content
├ ○ /hero
├ ○ /media
├ ○ /redirects
├ ○ /seo
└ ○ /settings


○  (Static)  prerendered as static content

